2025-03-24 22:43:14,623 - __main__ - INFO - Starting CPXMonitor with command: list
2025-03-24 22:43:14,623 - __main__ - INFO - Initializing CPXMonitor with base URL: http://localhost:5008
2025-03-24 22:43:14,630 - __main__ - INFO - Successfully fetched 150 servers
2025-03-24 22:43:14,630 - __main__ - INFO - Updating stats for all servers
2025-03-24 22:43:14,786 - __main__ - INFO - Stats updated for 150/150 servers
2025-03-24 22:43:14,786 - __main__ - INFO - Displaying services table
2025-03-24 22:43:31,389 - __main__ - INFO - Starting CPXMonitor with command: averages
2025-03-24 22:43:31,389 - __main__ - INFO - Initializing CPXMonitor with base URL: http://localhost:5008
2025-03-24 22:43:31,395 - __main__ - INFO - Successfully fetched 150 servers
2025-03-24 22:43:31,396 - __main__ - INFO - Updating stats for all servers
2025-03-24 22:43:31,555 - __main__ - INFO - Stats updated for 150/150 servers
2025-03-24 22:43:31,555 - __main__ - INFO - Displaying service averages
2025-03-24 22:43:48,052 - __main__ - INFO - Starting CPXMonitor with command: flag
2025-03-24 22:43:48,052 - __main__ - INFO - Initializing CPXMonitor with base URL: http://localhost:5008
2025-03-24 22:43:48,059 - __main__ - INFO - Successfully fetched 150 servers
2025-03-24 22:43:48,059 - __main__ - INFO - Updating stats for all servers
2025-03-24 22:43:48,224 - __main__ - INFO - Stats updated for 150/150 servers
2025-03-24 22:43:48,224 - __main__ - WARNING - Found 18 underprovisioned service instances
2025-03-24 22:43:48,224 - __main__ - ERROR - SLACK_WEBHOOK_URL not found in environment variables
2025-03-24 22:43:48,225 - __main__ - ERROR - SLACK_WEBHOOK_URL not found in environment variables
2025-03-24 22:44:15,783 - __main__ - INFO - Starting CPXMonitor with command: track
2025-03-24 22:44:15,783 - __main__ - INFO - Initializing CPXMonitor with base URL: http://localhost:5008
2025-03-24 22:44:15,794 - __main__ - INFO - Successfully fetched 150 servers
2025-03-24 22:44:15,794 - __main__ - INFO - Starting to track service AuthService
2025-03-24 22:44:15,794 - __main__ - INFO - Updating stats for all servers
2025-03-24 22:44:15,970 - __main__ - INFO - Stats updated for 150/150 servers
2025-03-24 22:44:20,976 - __main__ - INFO - Updating stats for all servers
2025-03-24 22:44:21,171 - __main__ - INFO - Stats updated for 150/150 servers
2025-03-24 22:44:26,173 - __main__ - INFO - Updating stats for all servers
2025-03-24 22:44:26,374 - __main__ - INFO - Stats updated for 150/150 servers
2025-03-24 22:44:28,461 - __main__ - INFO - Stopped tracking service AuthService
2025-03-24 22:46:45,755 - __main__ - INFO - Starting CPXMonitor with command: list
2025-03-24 22:46:45,755 - __main__ - INFO - Initializing CPXMonitor with base URL: http://localhost:5008
2025-03-24 22:46:45,765 - __main__ - INFO - Successfully fetched 150 servers
2025-03-24 22:46:45,765 - __main__ - INFO - Updating stats for all servers
2025-03-24 22:46:45,935 - __main__ - INFO - Stats updated for 150/150 servers
2025-03-24 22:46:45,935 - __main__ - INFO - Displaying services table
2025-03-24 22:46:57,441 - __main__ - INFO - Starting CPXMonitor with command: averages
2025-03-24 22:46:57,441 - __main__ - INFO - Initializing CPXMonitor with base URL: http://localhost:5008
2025-03-24 22:46:57,452 - __main__ - INFO - Successfully fetched 150 servers
2025-03-24 22:46:57,452 - __main__ - INFO - Updating stats for all servers
2025-03-24 22:46:57,635 - __main__ - INFO - Stats updated for 150/150 servers
2025-03-24 22:46:57,635 - __main__ - INFO - Displaying service averages
2025-03-24 22:47:03,129 - __main__ - INFO - Starting CPXMonitor with command: flag
2025-03-24 22:47:03,129 - __main__ - INFO - Initializing CPXMonitor with base URL: http://localhost:5008
2025-03-24 22:47:03,135 - __main__ - INFO - Successfully fetched 150 servers
2025-03-24 22:47:03,135 - __main__ - INFO - Updating stats for all servers
2025-03-24 22:47:03,316 - __main__ - INFO - Stats updated for 150/150 servers
2025-03-24 22:47:03,316 - __main__ - WARNING - Found 8 underprovisioned service instances
2025-03-24 22:47:03,316 - __main__ - ERROR - SLACK_WEBHOOK_URL not found in environment variables
2025-03-24 22:47:03,317 - __main__ - ERROR - SLACK_WEBHOOK_URL not found in environment variables
2025-03-24 22:47:28,229 - __main__ - INFO - Starting CPXMonitor with command: track
2025-03-24 22:47:28,229 - __main__ - INFO - Initializing CPXMonitor with base URL: http://localhost:5008
2025-03-24 22:47:28,236 - __main__ - INFO - Successfully fetched 150 servers
2025-03-24 22:47:28,236 - __main__ - INFO - Starting to track service MLService
2025-03-24 22:47:28,236 - __main__ - INFO - Updating stats for all servers
2025-03-24 22:47:28,418 - __main__ - INFO - Stats updated for 150/150 servers
2025-03-24 22:47:33,424 - __main__ - INFO - Updating stats for all servers
2025-03-24 22:47:33,617 - __main__ - INFO - Stats updated for 150/150 servers
2025-03-24 22:47:34,312 - __main__ - INFO - Stopped tracking service MLService
